<?xml version="1.0" encoding="UTF-8"?>
<!-- Generated by org.testng.reporters.JUnitXMLReporter -->
<testsuite ignored="2" hostname="DESKTOP-OR08CTM" failures="0" tests="1" name="Edgetest" time="435.944" errors="0" timestamp="2025-04-22T14:49:55 IST">
  <testcase classname="testScripts.SubCategoryTest" name="verifySerachActionInSubcategory" time="425.887"/>
  <testcase classname="testScripts.SubCategoryTest" name="verifyEditActionInSubcategory" time="0.0">
    <ignored/>
  </testcase> <!-- verifyEditActionInSubcategory -->
  <testcase classname="testScripts.SubCategoryTest" name="verifyAddNewSubcategoryWithValidDetails" time="0.0">
    <ignored/>
  </testcase> <!-- verifyAddNewSubcategoryWithValidDetails -->
</testsuite> <!-- Edgetest -->
