<?xml version="1.0" encoding="UTF-8"?>
<!-- Generated by org.testng.reporters.JUnitXMLReporter -->
<testsuite ignored="1" hostname="DESKTOP-OR08CTM" failures="0" tests="1" name="mytest" time="5.977" errors="0" timestamp="2025-04-29T18:38:58 IST">
  <testcase classname="testScripts.AdminUsersTest" name="veifyTheAdditionOfNewAdminuser" time="3.132"/>
  <testcase classname="testScripts.AdminUsersTest" name="veifyAdminusernameFromAdminUsersTable" time="0.0">
    <ignored/>
  </testcase> <!-- veifyAdminusernameFromAdminUsersTable -->
</testsuite> <!-- mytest -->
