<?xml version="1.0" encoding="UTF-8"?>
<!-- Generated by org.testng.reporters.JUnitXMLReporter -->
<testsuite ignored="2" hostname="DESKTOP-OR08CTM" failures="0" tests="1" name="mytest2" time="6.926" errors="0" timestamp="2025-04-22T14:28:06 IST">
  <testcase classname="testScripts.SubCategoryTest" name="verifySerachActionInSubcategory" time="2.76"/>
  <testcase classname="testScripts.SubCategoryTest" name="verifyEditActionInSubcategory" time="0.0">
    <ignored/>
  </testcase> <!-- verifyEditActionInSubcategory -->
  <testcase classname="testScripts.SubCategoryTest" name="verifyAddNewSubcategoryWithValidDetails" time="0.0">
    <ignored/>
  </testcase> <!-- verifyAddNewSubcategoryWithValidDetails -->
</testsuite> <!-- mytest2 -->
