<?xml version="1.0" encoding="UTF-8"?>
<!-- Generated by org.testng.reporters.JUnitXMLReporter -->
<testsuite ignored="1" hostname="DESKTOP-OR08CTM" failures="0" tests="1" name="Default test" time="5.767" errors="0" timestamp="2025-04-29T18:35:37 IST">
  <testcase classname="testScripts.ManageNewsTest" name="verifyTheEditActionOfNews" time="2.59"/>
  <testcase classname="testScripts.ManageNewsTest" name="verifyTheAddtionOfNewNews" time="0.0">
    <ignored/>
  </testcase> <!-- verifyTheAddtionOfNewNews -->
</testsuite> <!-- Default test -->
