<?xml version="1.0" encoding="UTF-8"?>
<!-- Generated by org.testng.reporters.JUnitXMLReporter -->
<testsuite ignored="2" hostname="DESKTOP-OR08CTM" failures="0" tests="1" name="edgetest" time="8.877" errors="0" timestamp="2025-04-22T14:39:56 IST">
  <testcase classname="testScripts.SubCategoryTest" name="verifySerachActionInSubcategory" time="2.393"/>
  <testcase classname="testScripts.SubCategoryTest" name="verifyEditActionInSubcategory" time="0.0">
    <ignored/>
  </testcase> <!-- verifyEditActionInSubcategory -->
  <testcase classname="testScripts.SubCategoryTest" name="verifyAddNewSubcategoryWithValidDetails" time="0.0">
    <ignored/>
  </testcase> <!-- verifyAddNewSubcategoryWithValidDetails -->
</testsuite> <!-- edgetest -->
